timestamp: 2018-06-12T16:48:38.361000
CREATE TABLE "web2py_session_SlugRoulette"(
    "id" INTEGER PRIMARY KEY AUTOINCREMENT,
    "locked" CHAR(1),
    "client_ip" CHAR(64),
    "created_datetime" TIMESTAMP,
    "modified_datetime" TIMESTAMP,
    "unique_key" CHAR(64),
    "session_data" BLOB
);
success!
timestamp: 2018-06-12T16:48:38.411000
CREATE TABLE "auth_user"(
    "id" INTEGER PRIMARY KEY AUTOINCREMENT,
    "first_name" CHAR(128),
    "last_name" CHAR(128),
    "email" CHAR(512),
    "password" CHAR(512),
    "registration_key" CHAR(512),
    "reset_password_key" CHAR(512),
    "registration_id" CHAR(512)
);
success!
timestamp: 2018-06-12T16:48:38.468000
CREATE TABLE "auth_group"(
    "id" INTEGER PRIMARY KEY AUTOINCREMENT,
    "role" CHAR(512),
    "description" TEXT
);
success!
timestamp: 2018-06-12T16:48:38.542000
CREATE TABLE "auth_membership"(
    "id" INTEGER PRIMARY KEY AUTOINCREMENT,
    "user_id" INTEGER REFERENCES "auth_user" ("id") ON DELETE CASCADE  ,
    "group_id" INTEGER REFERENCES "auth_group" ("id") ON DELETE CASCADE  
);
success!
timestamp: 2018-06-12T16:48:38.632000
CREATE TABLE "auth_permission"(
    "id" INTEGER PRIMARY KEY AUTOINCREMENT,
    "group_id" INTEGER REFERENCES "auth_group" ("id") ON DELETE CASCADE  ,
    "name" CHAR(512),
    "table_name" CHAR(512),
    "record_id" INTEGER
);
success!
timestamp: 2018-06-12T16:48:38.679000
CREATE TABLE "auth_event"(
    "id" INTEGER PRIMARY KEY AUTOINCREMENT,
    "time_stamp" TIMESTAMP,
    "client_ip" CHAR(512),
    "user_id" INTEGER REFERENCES "auth_user" ("id") ON DELETE CASCADE  ,
    "origin" CHAR(512),
    "description" TEXT
);
success!
timestamp: 2018-06-12T16:48:38.711000
CREATE TABLE "auth_cas"(
    "id" INTEGER PRIMARY KEY AUTOINCREMENT,
    "user_id" INTEGER REFERENCES "auth_user" ("id") ON DELETE CASCADE  ,
    "created_on" TIMESTAMP,
    "service" CHAR(512),
    "ticket" CHAR(512),
    "renew" CHAR(1)
);
success!
timestamp: 2018-06-12T16:48:38.750000
CREATE TABLE "textBox"(
    "id" INTEGER PRIMARY KEY AUTOINCREMENT,
    "Title" CHAR(512),
    "is_group_chat" CHAR(1),
    "chat" TEXT,
    "chatter" TEXT,
    "chat_time" TEXT,
    "list_of_chatters" TEXT,
    "password" CHAR(512)
);
success!
timestamp: 2018-06-12T16:48:38.804000
CREATE TABLE "queue"(
    "id" INTEGER PRIMARY KEY AUTOINCREMENT,
    "person_id" INTEGER,
    "chats" TEXT,
    "is_chatting" CHAR(1),
    "time_limit" DOUBLE,
    "time_remain" DOUBLE,
    "chatting_with" CHAR(512)
);
success!
timestamp: 2018-06-12T16:48:38.832000
CREATE TABLE "otherUserInfo"(
    "id" INTEGER PRIMARY KEY AUTOINCREMENT,
    "user_id" INTEGER,
    "username" CHAR(512),
    "friends" TEXT
);
success!
